{"/Users/rahul_behera/Desktop/server-tutorial/database/models/index.js": {"path":"/Users/rahul_behera/Desktop/server-tutorial/database/models/index.js","statementMap":{"0":{"start":{"line":3,"column":11},"end":{"line":3,"column":24}},"1":{"start":{"line":4,"column":13},"end":{"line":4,"column":28}},"2":{"start":{"line":5,"column":18},"end":{"line":5,"column":38}},"3":{"start":{"line":6,"column":16},"end":{"line":6,"column":34}},"4":{"start":{"line":7,"column":17},"end":{"line":7,"column":42}},"5":{"start":{"line":8,"column":12},"end":{"line":8,"column":49}},"6":{"start":{"line":9,"column":15},"end":{"line":9,"column":65}},"7":{"start":{"line":10,"column":11},"end":{"line":10,"column":13}},"8":{"start":{"line":13,"column":0},"end":{"line":17,"column":1}},"9":{"start":{"line":14,"column":2},"end":{"line":14,"column":74}},"10":{"start":{"line":16,"column":2},"end":{"line":16,"column":87}},"11":{"start":{"line":19,"column":0},"end":{"line":32,"column":5}},"12":{"start":{"line":22,"column":4},"end":{"line":27,"column":6}},"13":{"start":{"line":30,"column":18},"end":{"line":30,"column":85}},"14":{"start":{"line":31,"column":4},"end":{"line":31,"column":27}},"15":{"start":{"line":34,"column":0},"end":{"line":38,"column":3}},"16":{"start":{"line":35,"column":2},"end":{"line":37,"column":3}},"17":{"start":{"line":36,"column":4},"end":{"line":36,"column":32}},"18":{"start":{"line":40,"column":0},"end":{"line":40,"column":25}},"19":{"start":{"line":41,"column":0},"end":{"line":41,"column":25}},"20":{"start":{"line":43,"column":0},"end":{"line":43,"column":20}}},"fnMap":{"0":{"name":"(anonymous_0)","decl":{"start":{"line":21,"column":10},"end":{"line":21,"column":11}},"loc":{"start":{"line":21,"column":18},"end":{"line":28,"column":3}},"line":21},"1":{"name":"(anonymous_1)","decl":{"start":{"line":29,"column":11},"end":{"line":29,"column":12}},"loc":{"start":{"line":29,"column":19},"end":{"line":32,"column":3}},"line":29},"2":{"name":"(anonymous_2)","decl":{"start":{"line":34,"column":24},"end":{"line":34,"column":25}},"loc":{"start":{"line":34,"column":37},"end":{"line":38,"column":1}},"line":34}},"branchMap":{"0":{"loc":{"start":{"line":8,"column":12},"end":{"line":8,"column":49}},"type":"binary-expr","locations":[{"start":{"line":8,"column":12},"end":{"line":8,"column":32}},{"start":{"line":8,"column":36},"end":{"line":8,"column":49}}],"line":8},"1":{"loc":{"start":{"line":13,"column":0},"end":{"line":17,"column":1}},"type":"if","locations":[{"start":{"line":13,"column":0},"end":{"line":17,"column":1}},{"start":{"line":15,"column":7},"end":{"line":17,"column":1}}],"line":13},"2":{"loc":{"start":{"line":23,"column":6},"end":{"line":26,"column":37}},"type":"binary-expr","locations":[{"start":{"line":23,"column":6},"end":{"line":23,"column":29}},{"start":{"line":24,"column":6},"end":{"line":24,"column":23}},{"start":{"line":25,"column":6},"end":{"line":25,"column":30}},{"start":{"line":26,"column":6},"end":{"line":26,"column":37}}],"line":23},"3":{"loc":{"start":{"line":35,"column":2},"end":{"line":37,"column":3}},"type":"if","locations":[{"start":{"line":35,"column":2},"end":{"line":37,"column":3}},{"start":{},"end":{}}],"line":35}},"s":{"0":1,"1":1,"2":1,"3":1,"4":1,"5":1,"6":1,"7":1,"8":1,"9":0,"10":1,"11":1,"12":2,"13":1,"14":1,"15":1,"16":1,"17":1,"18":1,"19":1,"20":1},"f":{"0":2,"1":1,"2":1},"b":{"0":[1,0],"1":[0,1],"2":[2,2,1,1],"3":[1,0]},"_coverageSchema":"1a1c01bbd47fc00a2c39e90264f33305004495a9","hash":"9a181cb7132a7adda74cb6334c22a633468f825d"}
,"/Users/rahul_behera/Desktop/server-tutorial/database/models/todo.js": {"path":"/Users/rahul_behera/Desktop/server-tutorial/database/models/todo.js","statementMap":{"0":{"start":{"line":4,"column":4},"end":{"line":4,"column":24}},"1":{"start":{"line":5,"column":0},"end":{"line":24,"column":2}},"2":{"start":{"line":16,"column":2},"end":{"line":22,"column":5}},"3":{"start":{"line":23,"column":2},"end":{"line":23,"column":14}}},"fnMap":{"0":{"name":"(anonymous_0)","decl":{"start":{"line":5,"column":17},"end":{"line":5,"column":18}},"loc":{"start":{"line":5,"column":43},"end":{"line":24,"column":1}},"line":5},"1":{"name":"(anonymous_1)","decl":{"start":{"line":12,"column":4},"end":{"line":12,"column":5}},"loc":{"start":{"line":12,"column":29},"end":{"line":14,"column":5}},"line":12}},"branchMap":{},"s":{"0":1,"1":1,"2":1,"3":1},"f":{"0":1,"1":1},"b":{},"_coverageSchema":"1a1c01bbd47fc00a2c39e90264f33305004495a9","hash":"6a40e2d2dbe2b7693df9cbed03f70adfaea9c2b7"}
,"/Users/rahul_behera/Desktop/server-tutorial/src/controller/index.js": {"path":"/Users/rahul_behera/Desktop/server-tutorial/src/controller/index.js","statementMap":{"0":{"start":{"line":1,"column":23},"end":{"line":1,"column":40}},"1":{"start":{"line":3,"column":0},"end":{"line":3,"column":36}}},"fnMap":{},"branchMap":{},"s":{"0":1,"1":1},"f":{},"b":{},"_coverageSchema":"1a1c01bbd47fc00a2c39e90264f33305004495a9","hash":"2a6b7fa93b57436fb630266d96a6fdc2dbf5a59f"}
,"/Users/rahul_behera/Desktop/server-tutorial/src/controller/todo.js": {"path":"/Users/rahul_behera/Desktop/server-tutorial/src/controller/todo.js","statementMap":{"0":{"start":{"line":1,"column":24},"end":{"line":1,"column":51}},"1":{"start":{"line":3,"column":19},"end":{"line":14,"column":1}},"2":{"start":{"line":4,"column":2},"end":{"line":13,"column":3}},"3":{"start":{"line":5,"column":17},"end":{"line":5,"column":48}},"4":{"start":{"line":6,"column":4},"end":{"line":8,"column":7}},"5":{"start":{"line":10,"column":4},"end":{"line":12,"column":7}},"6":{"start":{"line":16,"column":20},"end":{"line":28,"column":1}},"7":{"start":{"line":17,"column":2},"end":{"line":27,"column":3}},"8":{"start":{"line":18,"column":19},"end":{"line":18,"column":29}},"9":{"start":{"line":19,"column":17},"end":{"line":19,"column":50}},"10":{"start":{"line":20,"column":4},"end":{"line":22,"column":7}},"11":{"start":{"line":24,"column":4},"end":{"line":26,"column":7}},"12":{"start":{"line":30,"column":16},"end":{"line":42,"column":1}},"13":{"start":{"line":31,"column":2},"end":{"line":41,"column":3}},"14":{"start":{"line":32,"column":21},"end":{"line":32,"column":29}},"15":{"start":{"line":33,"column":17},"end":{"line":33,"column":48}},"16":{"start":{"line":34,"column":4},"end":{"line":36,"column":7}},"17":{"start":{"line":38,"column":4},"end":{"line":40,"column":7}},"18":{"start":{"line":44,"column":16},"end":{"line":57,"column":1}},"19":{"start":{"line":45,"column":2},"end":{"line":56,"column":3}},"20":{"start":{"line":46,"column":15},"end":{"line":46,"column":36}},"21":{"start":{"line":47,"column":21},"end":{"line":47,"column":24}},"22":{"start":{"line":48,"column":17},"end":{"line":48,"column":55}},"23":{"start":{"line":49,"column":4},"end":{"line":51,"column":7}},"24":{"start":{"line":53,"column":4},"end":{"line":55,"column":7}},"25":{"start":{"line":59,"column":18},"end":{"line":72,"column":1}},"26":{"start":{"line":60,"column":2},"end":{"line":71,"column":3}},"27":{"start":{"line":61,"column":15},"end":{"line":61,"column":36}},"28":{"start":{"line":62,"column":21},"end":{"line":62,"column":24}},"29":{"start":{"line":63,"column":17},"end":{"line":63,"column":55}},"30":{"start":{"line":64,"column":4},"end":{"line":66,"column":7}},"31":{"start":{"line":68,"column":4},"end":{"line":70,"column":7}},"32":{"start":{"line":74,"column":19},"end":{"line":86,"column":1}},"33":{"start":{"line":75,"column":2},"end":{"line":85,"column":3}},"34":{"start":{"line":76,"column":15},"end":{"line":76,"column":36}},"35":{"start":{"line":77,"column":17},"end":{"line":77,"column":49}},"36":{"start":{"line":78,"column":4},"end":{"line":80,"column":7}},"37":{"start":{"line":82,"column":4},"end":{"line":84,"column":7}},"38":{"start":{"line":88,"column":0},"end":{"line":88,"column":86}}},"fnMap":{"0":{"name":"(anonymous_0)","decl":{"start":{"line":3,"column":19},"end":{"line":3,"column":20}},"loc":{"start":{"line":3,"column":39},"end":{"line":14,"column":1}},"line":3},"1":{"name":"(anonymous_1)","decl":{"start":{"line":16,"column":20},"end":{"line":16,"column":21}},"loc":{"start":{"line":16,"column":40},"end":{"line":28,"column":1}},"line":16},"2":{"name":"(anonymous_2)","decl":{"start":{"line":30,"column":16},"end":{"line":30,"column":17}},"loc":{"start":{"line":30,"column":36},"end":{"line":42,"column":1}},"line":30},"3":{"name":"(anonymous_3)","decl":{"start":{"line":44,"column":16},"end":{"line":44,"column":17}},"loc":{"start":{"line":44,"column":36},"end":{"line":57,"column":1}},"line":44},"4":{"name":"(anonymous_4)","decl":{"start":{"line":59,"column":18},"end":{"line":59,"column":19}},"loc":{"start":{"line":59,"column":38},"end":{"line":72,"column":1}},"line":59},"5":{"name":"(anonymous_5)","decl":{"start":{"line":74,"column":19},"end":{"line":74,"column":20}},"loc":{"start":{"line":74,"column":39},"end":{"line":86,"column":1}},"line":74}},"branchMap":{"0":{"loc":{"start":{"line":21,"column":12},"end":{"line":21,"column":28}},"type":"cond-expr","locations":[{"start":{"line":21,"column":19},"end":{"line":21,"column":23}},{"start":{"line":21,"column":26},"end":{"line":21,"column":28}}],"line":21}},"s":{"0":1,"1":1,"2":2,"3":2,"4":1,"5":1,"6":1,"7":2,"8":2,"9":2,"10":1,"11":1,"12":1,"13":2,"14":2,"15":2,"16":1,"17":1,"18":1,"19":4,"20":4,"21":4,"22":4,"23":3,"24":1,"25":1,"26":1,"27":1,"28":1,"29":1,"30":0,"31":1,"32":1,"33":1,"34":1,"35":1,"36":0,"37":1,"38":1},"f":{"0":2,"1":2,"2":2,"3":4,"4":1,"5":1},"b":{"0":[1,0]},"_coverageSchema":"1a1c01bbd47fc00a2c39e90264f33305004495a9","hash":"a5dc1d32576ab4577f2d80a17c78f2fa0768d0b1"}
,"/Users/rahul_behera/Desktop/server-tutorial/src/service/index.js": {"path":"/Users/rahul_behera/Desktop/server-tutorial/src/service/index.js","statementMap":{"0":{"start":{"line":1,"column":20},"end":{"line":1,"column":37}},"1":{"start":{"line":2,"column":0},"end":{"line":2,"column":33}}},"fnMap":{},"branchMap":{},"s":{"0":1,"1":1},"f":{},"b":{},"_coverageSchema":"1a1c01bbd47fc00a2c39e90264f33305004495a9","hash":"ee0d7185fd9eac13fc27f56187396bf4f84e7e39"}
,"/Users/rahul_behera/Desktop/server-tutorial/src/service/todo.js": {"path":"/Users/rahul_behera/Desktop/server-tutorial/src/service/todo.js","statementMap":{"0":{"start":{"line":1,"column":17},"end":{"line":1,"column":49}},"1":{"start":{"line":3,"column":20},"end":{"line":5,"column":1}},"2":{"start":{"line":4,"column":2},"end":{"line":4,"column":24}},"3":{"start":{"line":7,"column":20},"end":{"line":13,"column":1}},"4":{"start":{"line":8,"column":2},"end":{"line":12,"column":5}},"5":{"start":{"line":15,"column":16},"end":{"line":17,"column":1}},"6":{"start":{"line":16,"column":2},"end":{"line":16,"column":29}},"7":{"start":{"line":19,"column":19},"end":{"line":25,"column":1}},"8":{"start":{"line":20,"column":2},"end":{"line":24,"column":5}},"9":{"start":{"line":27,"column":19},"end":{"line":33,"column":1}},"10":{"start":{"line":28,"column":2},"end":{"line":32,"column":5}},"11":{"start":{"line":35,"column":0},"end":{"line":35,"column":79}}},"fnMap":{"0":{"name":"(anonymous_0)","decl":{"start":{"line":3,"column":20},"end":{"line":3,"column":21}},"loc":{"start":{"line":3,"column":32},"end":{"line":5,"column":1}},"line":3},"1":{"name":"(anonymous_1)","decl":{"start":{"line":7,"column":20},"end":{"line":7,"column":21}},"loc":{"start":{"line":7,"column":34},"end":{"line":13,"column":1}},"line":7},"2":{"name":"(anonymous_2)","decl":{"start":{"line":15,"column":16},"end":{"line":15,"column":17}},"loc":{"start":{"line":15,"column":32},"end":{"line":17,"column":1}},"line":15},"3":{"name":"(anonymous_3)","decl":{"start":{"line":19,"column":19},"end":{"line":19,"column":20}},"loc":{"start":{"line":19,"column":39},"end":{"line":25,"column":1}},"line":19},"4":{"name":"(anonymous_4)","decl":{"start":{"line":27,"column":19},"end":{"line":27,"column":20}},"loc":{"start":{"line":27,"column":33},"end":{"line":33,"column":1}},"line":27}},"branchMap":{},"s":{"0":1,"1":1,"2":0,"3":1,"4":0,"5":1,"6":0,"7":1,"8":0,"9":1,"10":0,"11":1},"f":{"0":0,"1":0,"2":0,"3":0,"4":0},"b":{},"_coverageSchema":"1a1c01bbd47fc00a2c39e90264f33305004495a9","hash":"cdee9b0276bab26b1802fe2f37f57a5a14e09906"}
}
